<?xml version="1.0" encoding="UTF-8"?>
<!-- Generated by org.testng.reporters.JUnitXMLReporter -->
<testsuite ignored="0" hostname="LAPTOP-32GUEUQ6" failures="0" tests="2" name="Test" time="45.516" errors="0" timestamp="2023-02-11T16:43:05 IST">
  <testcase classname="com.shettyv1.testcases.TC_LoginHomePageDataDrivenTesting" name="verifyRegistrationAndLogin" time="16.561"/>
  <testcase classname="com.shettyv1.testcases.TC_LoginHomePageDataDrivenTesting" name="verifyRegistrationAndLogin" time="16.289"/>
</testsuite> <!-- Test -->
