<?xml version="1.0" encoding="UTF-8"?>
<!-- Generated by org.testng.reporters.JUnitXMLReporter -->
<testsuite ignored="0" hostname="LAPTOP-32GUEUQ6" failures="0" tests="2" name="Test" time="53.2" errors="0" timestamp="2023-02-11T17:00:51 IST">
  <testcase classname="com.shettyv1.testcases.TC_LoginHomePageDataDrivenTesting" name="verifyRegistrationAndLogin" time="16.179"/>
  <testcase classname="com.shettyv1.testcases.TC_LoginHomePageDataDrivenTesting" name="verifyRegistrationAndLogin" time="16.069"/>
</testsuite> <!-- Test -->
