<?xml version="1.0" encoding="UTF-8"?>
<testng-results ignored="0" total="2" passed="2" failed="0" skipped="0">
  <reporter-output>
  </reporter-output>
  <suite started-at="2023-02-11T16:59:57 IST" name="Suite" finished-at="2023-02-11T17:00:50 IST" duration-ms="53200">
    <groups>
    </groups>
    <test started-at="2023-02-11T16:59:57 IST" name="Test" finished-at="2023-02-11T17:00:50 IST" duration-ms="53200">
      <class name="com.shettyv1.testcases.TC_LoginHomePageDataDrivenTesting">
        <test-method is-config="true" signature="setup()[pri:0, instance:com.shettyv1.testcases.TC_LoginHomePageDataDrivenTesting@4550bb58]" started-at="2023-02-11T16:59:57 IST" name="setup" finished-at="2023-02-11T17:00:16 IST" duration-ms="18407" status="PASS">
          <reporter-output>
          </reporter-output>
        </test-method> <!-- setup -->
        <test-method signature="verifyRegistrationAndLogin(java.lang.String,java.lang.String)[pri:0, instance:com.shettyv1.testcases.TC_LoginHomePageDataDrivenTesting@4550bb58]" started-at="2023-02-11T17:00:18 IST" name="verifyRegistrationAndLogin" data-provider="LoginDataProvider" finished-at="2023-02-11T17:00:34 IST" duration-ms="16179" status="PASS">
          <params>
            <param index="0">
              <value>
                <![CDATA[abc@random.com]]>
              </value>
            </param>
            <param index="1">
              <value>
                <![CDATA[1qaz!QAZ]]>
              </value>
            </param>
          </params>
          <reporter-output>
          </reporter-output>
        </test-method> <!-- verifyRegistrationAndLogin -->
        <test-method signature="verifyRegistrationAndLogin(java.lang.String,java.lang.String)[pri:0, instance:com.shettyv1.testcases.TC_LoginHomePageDataDrivenTesting@4550bb58]" started-at="2023-02-11T17:00:34 IST" name="verifyRegistrationAndLogin" data-provider="LoginDataProvider" finished-at="2023-02-11T17:00:50 IST" duration-ms="16069" status="PASS">
          <params>
            <param index="0">
              <value>
                <![CDATA[abc@random.com]]>
              </value>
            </param>
            <param index="1">
              <value>
                <![CDATA[1qaz!QAZ]]>
              </value>
            </param>
          </params>
          <reporter-output>
          </reporter-output>
        </test-method> <!-- verifyRegistrationAndLogin -->
      </class> <!-- com.shettyv1.testcases.TC_LoginHomePageDataDrivenTesting -->
    </test> <!-- Test -->
  </suite> <!-- Suite -->
</testng-results>
